[debug] [2025-10-28T20:00:06.102Z] ----------------------------------------------------------------------
[debug] [2025-10-28T20:00:06.104Z] Command:       C:\Program Files\nodejs\node.exe C:\Users\richm\AppData\Roaming\npm\node_modules\firebase-tools\lib\bin\firebase.js init
[debug] [2025-10-28T20:00:06.105Z] CLI Version:   14.22.0
[debug] [2025-10-28T20:00:06.105Z] Platform:      win32
[debug] [2025-10-28T20:00:06.105Z] Node Version:  v22.20.0
[debug] [2025-10-28T20:00:06.105Z] Time:          Tue Oct 28 2025 14:00:06 GMT-0600 (hora estándar central)
[debug] [2025-10-28T20:00:06.105Z] ----------------------------------------------------------------------
[debug] 
[info] 
     ######## #### ########  ######## ########     ###     ######  ########
     ##        ##  ##     ## ##       ##     ##  ##   ##  ##       ##
     ######    ##  ########  ######   ########  #########  ######  ######
     ##        ##  ##    ##  ##       ##     ## ##     ##       ## ##
     ##       #### ##     ## ######## ########  ##     ##  ######  ########

You're about to initialize a Firebase project in this directory:

  C:\Users\richm\Documents\GitHub\SitioWebAlbertoNegrete

Before we get started, keep in mind:

  * You are initializing within an existing Firebase project directory

[info] 
=== Project Setup
[info] 
[info] First, let's associate this project directory with a Firebase project.
[info] You can create multiple project aliases by running firebase use --add, 
[info] 
[debug] [2025-10-28T20:00:13.864Z] > command requires scopes: ["email","openid","https://www.googleapis.com/auth/cloudplatformprojects.readonly","https://www.googleapis.com/auth/firebase","https://www.googleapis.com/auth/cloud-platform"]
[debug] [2025-10-28T20:00:13.864Z] > authorizing via signed-in user (tecnologiasweb@itdurango.edu.mx)
[debug] [2025-10-28T20:00:13.865Z] Checked if tokens are valid: true, expires at: 1761685064936
[debug] [2025-10-28T20:00:13.865Z] Checked if tokens are valid: true, expires at: 1761685064936
[debug] [2025-10-28T20:00:13.866Z] >>> [apiv2][query] GET https://firebase.googleapis.com/v1beta1/projects/sitioweb-albertote [none]
[debug] [2025-10-28T20:00:33.907Z] *** [apiv2] error from fetch(https://firebase.googleapis.com/v1beta1/projects/sitioweb-albertote, {"headers":{},"method":"GET","signal":{}}): FetchError: request to https://firebase.googleapis.com/v1beta1/projects/sitioweb-albertote failed, reason: socket hang up
[debug] [2025-10-28T20:00:33.909Z] Failed to make request to https://firebase.googleapis.com/v1beta1/projects/sitioweb-albertote (original: request to https://firebase.googleapis.com/v1beta1/projects/sitioweb-albertote failed, reason: socket hang up)
[debug] [2025-10-28T20:00:33.912Z] FirebaseError: Failed to make request to https://firebase.googleapis.com/v1beta1/projects/sitioweb-albertote
    at RetryOperation._fn (C:\Users\richm\AppData\Roaming\npm\node_modules\firebase-tools\lib\apiv2.js:261:31)
    at process.processTicksAndRejections (node:internal/process/task_queues:105:5)
[error] 
[error] Error: Failed to get Firebase project sitioweb-albertote. Please make sure the project exists and your account has permission to access it.
[debug] [2025-10-28T20:01:01.374Z] ----------------------------------------------------------------------
[debug] [2025-10-28T20:01:01.376Z] Command:       C:\Program Files\nodejs\node.exe C:\Users\richm\AppData\Roaming\npm\node_modules\firebase-tools\lib\bin\firebase.js init
[debug] [2025-10-28T20:01:01.377Z] CLI Version:   14.22.0
[debug] [2025-10-28T20:01:01.377Z] Platform:      win32
[debug] [2025-10-28T20:01:01.377Z] Node Version:  v22.20.0
[debug] [2025-10-28T20:01:01.377Z] Time:          Tue Oct 28 2025 14:01:01 GMT-0600 (hora estándar central)
[debug] [2025-10-28T20:01:01.377Z] ----------------------------------------------------------------------
[debug] 
[info] 
     ######## #### ########  ######## ########     ###     ######  ########
     ##        ##  ##     ## ##       ##     ##  ##   ##  ##       ##
     ######    ##  ########  ######   ########  #########  ######  ######
     ##        ##  ##    ##  ##       ##     ## ##     ##       ## ##
     ##       #### ##     ## ######## ########  ##     ##  ######  ########

You're about to initialize a Firebase project in this directory:

  C:\Users\richm\Documents\GitHub\SitioWebAlbertoNegrete

Before we get started, keep in mind:

  * You are initializing within an existing Firebase project directory

[info] 
=== Project Setup
[info] 
[info] First, let's associate this project directory with a Firebase project.
[info] You can create multiple project aliases by running firebase use --add, 
[info] 
[debug] [2025-10-28T20:01:09.113Z] > command requires scopes: ["email","openid","https://www.googleapis.com/auth/cloudplatformprojects.readonly","https://www.googleapis.com/auth/firebase","https://www.googleapis.com/auth/cloud-platform"]
[debug] [2025-10-28T20:01:09.113Z] > authorizing via signed-in user (tecnologiasweb@itdurango.edu.mx)
[debug] [2025-10-28T20:01:09.114Z] Checked if tokens are valid: true, expires at: 1761685064936
[debug] [2025-10-28T20:01:09.114Z] Checked if tokens are valid: true, expires at: 1761685064936
[debug] [2025-10-28T20:01:09.115Z] >>> [apiv2][query] GET https://firebase.googleapis.com/v1beta1/projects/sitioweb-albertote [none]
[debug] [2025-10-28T20:01:10.999Z] <<< [apiv2][status] GET https://firebase.googleapis.com/v1beta1/projects/sitioweb-albertote 200
[debug] [2025-10-28T20:01:10.999Z] <<< [apiv2][body] GET https://firebase.googleapis.com/v1beta1/projects/sitioweb-albertote {"projectId":"sitioweb-albertote","projectNumber":"234296371557","displayName":"SitioWeb-AlbertoNegrete","name":"projects/sitioweb-albertote","resources":{"hostingSite":"sitioweb-albertote"},"state":"ACTIVE","etag":"1_374ce6bd-0c14-49e5-bfc6-11f25a6b48c5"}
[info] i  Using project sitioweb-albertote (SitioWeb-AlbertoNegrete) . 
[info] 
=== Hosting Setup
[debug] [2025-10-28T20:01:11.009Z] Checked if tokens are valid: true, expires at: 1761685064936
[debug] [2025-10-28T20:01:11.009Z] Checked if tokens are valid: true, expires at: 1761685064936
[debug] [2025-10-28T20:01:11.010Z] >>> [apiv2][query] GET https://firebase.googleapis.com/v1beta1/projects/sitioweb-albertote [none]
[debug] [2025-10-28T20:01:11.472Z] <<< [apiv2][status] GET https://firebase.googleapis.com/v1beta1/projects/sitioweb-albertote 200
[debug] [2025-10-28T20:01:11.472Z] <<< [apiv2][body] GET https://firebase.googleapis.com/v1beta1/projects/sitioweb-albertote {"projectId":"sitioweb-albertote","projectNumber":"234296371557","displayName":"SitioWeb-AlbertoNegrete","name":"projects/sitioweb-albertote","resources":{"hostingSite":"sitioweb-albertote"},"state":"ACTIVE","etag":"1_374ce6bd-0c14-49e5-bfc6-11f25a6b48c5"}
[info] 
[info] Your public directory is the folder (relative to your project directory) that
[info] will contain Hosting assets to be uploaded with firebase deploy. If you
[info] have a build process for your assets, use your build's output directory.
[info] 
[info] 
[info] i  Detected a .git folder at C:\Users\richm\Documents\GitHub\SitioWebAlbertoNegrete 
[info] i  Authorizing with GitHub to upload your service account to a GitHub repository's secrets store. 
[info] 
[info] Visit this URL on this device to log in:
[info] https://github.com/login/oauth/authorize?client_id=89cf50f02ac6aaed3484&state=130046583&redirect_uri=http%3A%2F%2Flocalhost%3A9005&scope=read%3Auser%20repo%20public_repo
[info] 
[info] Waiting for authentication...
[debug] [2025-10-28T20:01:51.229Z] >>> [apiv2][query] POST https://github.com/login/oauth/access_token [none]
[debug] [2025-10-28T20:01:51.229Z] >>> [apiv2][body] POST https://github.com/login/oauth/access_token [stream]
[debug] [2025-10-28T20:01:53.438Z] <<< [apiv2][status] POST https://github.com/login/oauth/access_token 200
[debug] [2025-10-28T20:01:53.438Z] <<< [apiv2][body] POST https://github.com/login/oauth/access_token {"access_token":"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","token_type":"bearer","scope":"read:user,repo"}
[debug] [2025-10-28T20:01:53.439Z] >>> [apiv2][query] GET https://api.github.com/user [none]
[debug] [2025-10-28T20:02:00.609Z] <<< [apiv2][status] GET https://api.github.com/user 200
[debug] [2025-10-28T20:02:00.610Z] <<< [apiv2][body] GET https://api.github.com/user {"login":"rickymtx","id":223807013,"node_id":"U_kgDODVcGJQ","avatar_url":"https://avatars.githubusercontent.com/u/223807013?v=4","gravatar_id":"","url":"https://api.github.com/users/rickymtx","html_url":"https://github.com/rickymtx","followers_url":"https://api.github.com/users/rickymtx/followers","following_url":"https://api.github.com/users/rickymtx/following{/other_user}","gists_url":"https://api.github.com/users/rickymtx/gists{/gist_id}","starred_url":"https://api.github.com/users/rickymtx/starred{/owner}{/repo}","subscriptions_url":"https://api.github.com/users/rickymtx/subscriptions","organizations_url":"https://api.github.com/users/rickymtx/orgs","repos_url":"https://api.github.com/users/rickymtx/repos","events_url":"https://api.github.com/users/rickymtx/events{/privacy}","received_events_url":"https://api.github.com/users/rickymtx/received_events","type":"User","user_view_type":"private","site_admin":false,"name":"Ricardo Martínez ","company":null,"blog":"","location":null,"email":"rich.mtx1205@gmail.com","hireable":null,"bio":null,"twitter_username":null,"notification_email":"rich.mtx1205@gmail.com","public_repos":6,"public_gists":0,"followers":0,"following":0,"created_at":"2025-07-31T05:42:14Z","updated_at":"2025-10-26T04:35:10Z","private_gists":0,"total_private_repos":0,"owned_private_repos":0,"disk_usage":132168,"collaborators":0,"two_factor_authentication":false,"plan":{"name":"free","space":976562499,"collaborators":0,"private_repos":10000}}
[info] 
[info] +  Success! Logged into GitHub as rickymtx 
[info] 
[debug] [2025-10-28T20:03:11.163Z] >>> [apiv2][query] GET https://api.github.com/repos/rickymtx/CIT-ProyectosWeb/SitioWebAlbertoNegrete/actions/secrets/public-key type=owner
[debug] [2025-10-28T20:03:12.251Z] <<< [apiv2][status] GET https://api.github.com/repos/rickymtx/CIT-ProyectosWeb/SitioWebAlbertoNegrete/actions/secrets/public-key 404
[debug] [2025-10-28T20:03:12.251Z] <<< [apiv2][body] GET https://api.github.com/repos/rickymtx/CIT-ProyectosWeb/SitioWebAlbertoNegrete/actions/secrets/public-key {"message":"Not Found","documentation_url":"https://docs.github.com/rest","status":"404"}
[info] 
[info] 
[error] !  The provided authorization cannot be used with this repository. If this repository is in an organization, did you remember to grant access? 
[info] 
[info] i  Action required: Visit this URL to ensure access has been granted to the appropriate organization(s) for the Firebase CLI GitHub OAuth App: 
[info] https://github.com/settings/connections/applications/89cf50f02ac6aaed3484
[info] 
[debug] [2025-10-28T20:03:34.531Z] >>> [apiv2][query] GET https://api.github.com/repos/https://github.com/CIT-ProyectosWeb/SitioWebAlbertoNegrete/actions/secrets/public-key type=owner
[debug] [2025-10-28T20:03:35.152Z] <<< [apiv2][status] GET https://api.github.com/repos/https://github.com/CIT-ProyectosWeb/SitioWebAlbertoNegrete/actions/secrets/public-key 404
[debug] [2025-10-28T20:03:35.152Z] <<< [apiv2][body] GET https://api.github.com/repos/https://github.com/CIT-ProyectosWeb/SitioWebAlbertoNegrete/actions/secrets/public-key {"message":"Not Found","documentation_url":"https://docs.github.com/rest","status":"404"}
[info] 
[info] 
[error] !  The provided authorization cannot be used with this repository. If this repository is in an organization, did you remember to grant access? 
[info] 
[info] i  Action required: Visit this URL to ensure access has been granted to the appropriate organization(s) for the Firebase CLI GitHub OAuth App: 
[info] https://github.com/settings/connections/applications/89cf50f02ac6aaed3484
[info] 
[debug] [2025-10-28T20:20:59.764Z] ExitPromptError: User force closed the prompt with SIGINT
    at Interface.sigint (C:\Users\richm\AppData\Roaming\npm\node_modules\firebase-tools\node_modules\@inquirer\core\dist\commonjs\lib\create-prompt.js:101:37)
    at Interface.emit (node:events:519:28)
    at Interface.emit (node:domain:489:12)
    at [_ttyWrite] [as _ttyWrite] (node:internal/readline/interface:1128:18)
    at ReadStream.onkeypress (node:internal/readline/interface:271:20)
    at ReadStream.emit (node:events:531:35)
    at ReadStream.emit (node:domain:489:12)
    at emitKeys (node:internal/readline/utils:370:14)
    at emitKeys.next (<anonymous>)
    at ReadStream.onData (node:internal/readline/emitKeypressEvents:64:36)
[error] 
[error] Error: An unexpected error has occurred.
[debug] [2025-10-28T20:26:29.478Z] ----------------------------------------------------------------------
[debug] [2025-10-28T20:26:29.480Z] Command:       C:\Program Files\nodejs\node.exe C:\Users\richm\AppData\Roaming\npm\node_modules\firebase-tools\lib\bin\firebase.js init
[debug] [2025-10-28T20:26:29.481Z] CLI Version:   14.22.0
[debug] [2025-10-28T20:26:29.481Z] Platform:      win32
[debug] [2025-10-28T20:26:29.481Z] Node Version:  v22.20.0
[debug] [2025-10-28T20:26:29.481Z] Time:          Tue Oct 28 2025 14:26:29 GMT-0600 (hora estándar central)
[debug] [2025-10-28T20:26:29.481Z] ----------------------------------------------------------------------
[debug] 
[info] 
     ######## #### ########  ######## ########     ###     ######  ########
     ##        ##  ##     ## ##       ##     ##  ##   ##  ##       ##
     ######    ##  ########  ######   ########  #########  ######  ######
     ##        ##  ##    ##  ##       ##     ## ##     ##       ## ##
     ##       #### ##     ## ######## ########  ##     ##  ######  ########

You're about to initialize a Firebase project in this directory:

  C:\Users\richm\Documents\GitHub\SitioWebAlbertoNegrete

Before we get started, keep in mind:

  * You are initializing within an existing Firebase project directory

[info] 
=== Project Setup
[info] 
[info] First, let's associate this project directory with a Firebase project.
[info] You can create multiple project aliases by running firebase use --add, 
[info] 
[debug] [2025-10-28T20:26:41.923Z] > command requires scopes: ["email","openid","https://www.googleapis.com/auth/cloudplatformprojects.readonly","https://www.googleapis.com/auth/firebase","https://www.googleapis.com/auth/cloud-platform"]
[debug] [2025-10-28T20:26:41.923Z] > authorizing via signed-in user (tecnologiasweb@itdurango.edu.mx)
[debug] [2025-10-28T20:26:41.925Z] Checked if tokens are valid: true, expires at: 1761685064936
[debug] [2025-10-28T20:26:41.925Z] Checked if tokens are valid: true, expires at: 1761685064936
[debug] [2025-10-28T20:26:41.926Z] >>> [apiv2][query] GET https://firebase.googleapis.com/v1beta1/projects/sitioweb-albertote [none]
[debug] [2025-10-28T20:27:11.938Z] *** [apiv2] error from fetch(https://firebase.googleapis.com/v1beta1/projects/sitioweb-albertote, {"headers":{},"method":"GET","signal":{}}): AbortError: The user aborted a request.
[debug] [2025-10-28T20:27:11.939Z] Timeout reached making request to https://firebase.googleapis.com/v1beta1/projects/sitioweb-albertote (original: The user aborted a request.)
[debug] [2025-10-28T20:27:11.943Z] FirebaseError: Timeout reached making request to https://firebase.googleapis.com/v1beta1/projects/sitioweb-albertote
    at RetryOperation._fn (C:\Users\richm\AppData\Roaming\npm\node_modules\firebase-tools\lib\apiv2.js:257:35)
    at process.processTicksAndRejections (node:internal/process/task_queues:105:5)
[error] 
[error] Error: Failed to get Firebase project sitioweb-albertote. Please make sure the project exists and your account has permission to access it.
